<?xml version="1.0" encoding="UTF-8"?>
<!-- Generated by org.testng.reporters.JUnitXMLReporter -->
<testsuite ignored="0" hostname="DESKTOP-25T4SKK" failures="0" tests="2" name="Default test" time="4.727" errors="0" timestamp="2025-04-02T15:22:31 IST">
  <testcase classname="Assignments.assignment.RestCountriesApiTest8" name="testInvalidCapital" time="3.817"/>
  <testcase classname="Assignments.assignment.RestCountriesApiTest8" name="testValidCapital" time="0.817"/>
</testsuite> <!-- Default test -->
