<?xml version="1.0" encoding="UTF-8"?>
<!-- Generated by org.testng.reporters.JUnitXMLReporter -->
<testsuite ignored="0" hostname="DESKTOP-25T4SKK" failures="0" tests="2" name="Default test" time="11.322" errors="0" timestamp="2025-04-04T17:30:20 IST">
  <testcase classname="Assignments.assignment.AutifyTest5" name="testStartFreeTrialButtonAndSwitchWindow" time="7.558"/>
  <testcase classname="Assignments.assignment.AutifyTest5" name="testVerifyErrorMessages" time="0.165"/>
</testsuite> <!-- Default test -->
