<?xml version="1.0" encoding="UTF-8"?>
<testng-results ignored="0" total="2" passed="2" failed="0" skipped="0">
  <reporter-output>
  </reporter-output>
  <suite started-at="2025-04-02T15:22:26 IST" name="Default suite" finished-at="2025-04-02T15:22:31 IST" duration-ms="4727">
    <groups>
      <group name="negative">
        <method signature="RestCountriesApiTest8.testInvalidCapital()[pri:0, instance:Assignments.assignment.RestCountriesApiTest8@791d1f8b]" name="testInvalidCapital" class="Assignments.assignment.RestCountriesApiTest8"/>
      </group> <!-- negative -->
      <group name="positive">
        <method signature="RestCountriesApiTest8.testValidCapital()[pri:0, instance:Assignments.assignment.RestCountriesApiTest8@791d1f8b]" name="testValidCapital" class="Assignments.assignment.RestCountriesApiTest8"/>
      </group> <!-- positive -->
    </groups>
    <test started-at="2025-04-02T15:22:26 IST" name="Default test" finished-at="2025-04-02T15:22:31 IST" duration-ms="4727">
      <class name="Assignments.assignment.RestCountriesApiTest8">
        <test-method signature="testInvalidCapital()[pri:0, instance:Assignments.assignment.RestCountriesApiTest8@791d1f8b]" started-at="2025-04-02T15:22:26 IST" name="testInvalidCapital" finished-at="2025-04-02T15:22:30 IST" duration-ms="3817" status="PASS">
          <reporter-output>
          </reporter-output>
        </test-method> <!-- testInvalidCapital -->
        <test-method signature="testValidCapital()[pri:0, instance:Assignments.assignment.RestCountriesApiTest8@791d1f8b]" started-at="2025-04-02T15:22:30 IST" name="testValidCapital" finished-at="2025-04-02T15:22:31 IST" duration-ms="817" status="PASS">
          <reporter-output>
          </reporter-output>
        </test-method> <!-- testValidCapital -->
      </class> <!-- Assignments.assignment.RestCountriesApiTest8 -->
    </test> <!-- Default test -->
  </suite> <!-- Default suite -->
</testng-results>
